2025-07-14 13:56:28,298 - INFO - 🚀 开始自动化代码改进...
2025-07-14 13:56:28,298 - INFO - 🔧 安装开发依赖包...
2025-07-14 13:56:28,298 - INFO - 执行命令: pip3 install black
2025-07-14 13:56:39,524 - ERROR - 命令执行失败: Command 'pip3 install black' returned non-zero exit status 1.
2025-07-14 13:56:39,525 - ERROR - 错误: WARNING: Retrying (Retry(total=4, connect=None, read=None, redirect=None, status=None)) after connection broken by 'SSLError(SSLCertVerificationError(1, '[SSL: CERTIFICATE_VERIFY_FAILED] certificate verify failed: unable to get local issuer certificate (_ssl.c:1000)'))': /simple/black/
WARNING: Retrying (Retry(total=3, connect=None, read=None, redirect=None, status=None)) after connection broken by 'SSLError(SSLCertVerificationError(1, '[SSL: CERTIFICATE_VERIFY_FAILED] certificate verify failed: unable to get local issuer certificate (_ssl.c:1000)'))': /simple/black/
WARNING: Retrying (Retry(total=2, connect=None, read=None, redirect=None, status=None)) after connection broken by 'SSLError(SSLCertVerificationError(1, '[SSL: CERTIFICATE_VERIFY_FAILED] certificate verify failed: unable to get local issuer certificate (_ssl.c:1000)'))': /simple/black/
WARNING: Retrying (Retry(total=1, connect=None, read=None, redirect=None, status=None)) after connection broken by 'SSLError(SSLCertVerificationError(1, '[SSL: CERTIFICATE_VERIFY_FAILED] certificate verify failed: unable to get local issuer certificate (_ssl.c:1000)'))': /simple/black/
WARNING: Retrying (Retry(total=0, connect=None, read=None, redirect=None, status=None)) after connection broken by 'SSLError(SSLCertVerificationError(1, '[SSL: CERTIFICATE_VERIFY_FAILED] certificate verify failed: unable to get local issuer certificate (_ssl.c:1000)'))': /simple/black/
ERROR: Could not find a version that satisfies the requirement black (from versions: none)

[notice] A new release of pip is available: 24.3.1 -> 25.1.1
[notice] To update, run: pip3 install --upgrade pip
ERROR: No matching distribution found for black

2025-07-14 13:56:39,525 - WARNING - ⚠️ 跳过 black 安装
2025-07-14 13:56:39,525 - INFO - 执行命令: pip3 install flake8
2025-07-14 13:56:50,660 - ERROR - 命令执行失败: Command 'pip3 install flake8' returned non-zero exit status 1.
2025-07-14 13:56:50,660 - ERROR - 错误: WARNING: Retrying (Retry(total=4, connect=None, read=None, redirect=None, status=None)) after connection broken by 'SSLError(SSLCertVerificationError(1, '[SSL: CERTIFICATE_VERIFY_FAILED] certificate verify failed: unable to get local issuer certificate (_ssl.c:1000)'))': /simple/flake8/
WARNING: Retrying (Retry(total=3, connect=None, read=None, redirect=None, status=None)) after connection broken by 'SSLError(SSLCertVerificationError(1, '[SSL: CERTIFICATE_VERIFY_FAILED] certificate verify failed: unable to get local issuer certificate (_ssl.c:1000)'))': /simple/flake8/
WARNING: Retrying (Retry(total=2, connect=None, read=None, redirect=None, status=None)) after connection broken by 'SSLError(SSLCertVerificationError(1, '[SSL: CERTIFICATE_VERIFY_FAILED] certificate verify failed: unable to get local issuer certificate (_ssl.c:1000)'))': /simple/flake8/
WARNING: Retrying (Retry(total=1, connect=None, read=None, redirect=None, status=None)) after connection broken by 'SSLError(SSLCertVerificationError(1, '[SSL: CERTIFICATE_VERIFY_FAILED] certificate verify failed: unable to get local issuer certificate (_ssl.c:1000)'))': /simple/flake8/
WARNING: Retrying (Retry(total=0, connect=None, read=None, redirect=None, status=None)) after connection broken by 'SSLError(SSLCertVerificationError(1, '[SSL: CERTIFICATE_VERIFY_FAILED] certificate verify failed: unable to get local issuer certificate (_ssl.c:1000)'))': /simple/flake8/
ERROR: Could not find a version that satisfies the requirement flake8 (from versions: none)

[notice] A new release of pip is available: 24.3.1 -> 25.1.1
[notice] To update, run: pip3 install --upgrade pip
ERROR: No matching distribution found for flake8

2025-07-14 13:56:50,660 - WARNING - ⚠️ 跳过 flake8 安装
2025-07-14 13:56:50,660 - INFO - 执行命令: pip3 install mypy
2025-07-14 13:57:01,831 - ERROR - 命令执行失败: Command 'pip3 install mypy' returned non-zero exit status 1.
2025-07-14 13:57:01,832 - ERROR - 错误: WARNING: Retrying (Retry(total=4, connect=None, read=None, redirect=None, status=None)) after connection broken by 'SSLError(SSLCertVerificationError(1, '[SSL: CERTIFICATE_VERIFY_FAILED] certificate verify failed: unable to get local issuer certificate (_ssl.c:1000)'))': /simple/mypy/
WARNING: Retrying (Retry(total=3, connect=None, read=None, redirect=None, status=None)) after connection broken by 'SSLError(SSLCertVerificationError(1, '[SSL: CERTIFICATE_VERIFY_FAILED] certificate verify failed: unable to get local issuer certificate (_ssl.c:1000)'))': /simple/mypy/
WARNING: Retrying (Retry(total=2, connect=None, read=None, redirect=None, status=None)) after connection broken by 'SSLError(SSLCertVerificationError(1, '[SSL: CERTIFICATE_VERIFY_FAILED] certificate verify failed: unable to get local issuer certificate (_ssl.c:1000)'))': /simple/mypy/
WARNING: Retrying (Retry(total=1, connect=None, read=None, redirect=None, status=None)) after connection broken by 'SSLError(SSLCertVerificationError(1, '[SSL: CERTIFICATE_VERIFY_FAILED] certificate verify failed: unable to get local issuer certificate (_ssl.c:1000)'))': /simple/mypy/
WARNING: Retrying (Retry(total=0, connect=None, read=None, redirect=None, status=None)) after connection broken by 'SSLError(SSLCertVerificationError(1, '[SSL: CERTIFICATE_VERIFY_FAILED] certificate verify failed: unable to get local issuer certificate (_ssl.c:1000)'))': /simple/mypy/
ERROR: Could not find a version that satisfies the requirement mypy (from versions: none)

[notice] A new release of pip is available: 24.3.1 -> 25.1.1
[notice] To update, run: pip3 install --upgrade pip
ERROR: No matching distribution found for mypy

2025-07-14 13:57:01,832 - WARNING - ⚠️ 跳过 mypy 安装
2025-07-14 13:57:01,832 - INFO - 执行命令: pip3 install pylint
2025-07-14 13:57:05,564 - INFO - 🚀 开始自动化代码改进...
2025-07-14 13:57:05,564 - INFO - 🔧 跳过依赖包安装 (SSL证书问题)
2025-07-14 13:57:05,564 - INFO - 📦 继续创建代码质量改进文件...
2025-07-14 13:57:05,564 - INFO - 📋 设置代码质量工具...
2025-07-14 13:57:05,565 - INFO - 🚨 创建统一异常处理...
2025-07-14 13:57:05,565 - INFO - 📊 创建数据验证模型...
2025-07-14 13:57:05,565 - INFO - 🔄 创建重试机制...
2025-07-14 13:57:05,565 - INFO - 📊 创建监控系统...
2025-07-14 13:57:05,565 - INFO - 🧪 创建测试框架...
2025-07-14 13:57:05,566 - INFO - ⚡ 创建性能优化器...
2025-07-14 13:57:05,566 - INFO - 🤖 创建自动化脚本...
2025-07-14 13:57:05,566 - INFO - ✅ 自动化改进完成！
2025-07-14 13:57:05,566 - INFO - 📊 改进报告已生成: improvement_report.json
