2025-07-20 23:47:27,815 - asyncio - DEBUG - Using selector: KqueueSelector
2025-07-20 23:47:27,815 - __main__ - INFO - 
==================================================
2025-07-20 23:47:27,815 - __main__ - INFO - 开始调试: https://x.com/elonmusk
2025-07-20 23:47:27,815 - __main__ - INFO - ==================================================
2025-07-20 23:47:30,215 - __main__ - ERROR - 调试失败: 'Page' object has no attribute 'set_user_agent'
2025-07-20 23:47:53,320 - asyncio - DEBUG - Using selector: KqueueSelector
2025-07-20 23:47:53,321 - __main__ - INFO - 
==================================================
2025-07-20 23:47:53,321 - __main__ - INFO - 开始调试: https://x.com/elonmusk
2025-07-20 23:47:53,321 - __main__ - INFO - ==================================================
2025-07-20 23:47:55,235 - __main__ - INFO - 访问页面: https://x.com/elonmusk
2025-07-20 23:48:25,407 - __main__ - ERROR - 调试失败: Page.goto: Timeout 30000ms exceeded.
Call log:
  - navigating to "https://x.com/elonmusk", waiting until "networkidle"

2025-07-21 02:22:38,446 - asyncio - DEBUG - Using selector: KqueueSelector
2025-07-21 02:22:38,446 - __main__ - INFO - 
==================================================
2025-07-21 02:22:38,446 - __main__ - INFO - 开始调试: https://x.com/elonmusk
2025-07-21 02:22:38,446 - __main__ - INFO - ==================================================
2025-07-21 02:22:40,341 - __main__ - INFO - 访问页面: https://x.com/elonmusk
2025-07-21 02:22:50,578 - __main__ - INFO - 找到 7 个推文元素
2025-07-21 02:22:50,578 - __main__ - INFO - 
=== 调试推文 1 ===
2025-07-21 02:22:50,586 - __main__ - INFO - 推文内容: Constructing Valentine 
@xAI...
2025-07-21 02:22:50,586 - __main__ - INFO - --- 调试互动数据 ---
2025-07-21 02:22:50,586 - __main__ - INFO - 调试点赞数据:
2025-07-21 02:22:50,595 - __main__ - INFO -   选择器: [data-testid="like"]
2025-07-21 02:22:50,595 - __main__ - INFO -   aria-label: 19372 喜欢次数。喜欢
2025-07-21 02:22:50,595 - __main__ - INFO -   inner_text: 1.9万
2025-07-21 02:22:50,595 - __main__ - INFO -   提取的数字: 19372
2025-07-21 02:22:50,609 - __main__ - INFO - 调试转发数据:
2025-07-21 02:22:50,618 - __main__ - INFO -   选择器: [data-testid="retweet"]
2025-07-21 02:22:50,618 - __main__ - INFO -   aria-label: 3519 次转帖。转帖
2025-07-21 02:22:50,618 - __main__ - INFO -   inner_text: 3,519
2025-07-21 02:22:50,618 - __main__ - INFO -   提取的数字: 3519
2025-07-21 02:22:50,626 - __main__ - INFO - 调试评论数据:
2025-07-21 02:22:50,634 - __main__ - INFO -   选择器: [data-testid="reply"]
2025-07-21 02:22:50,634 - __main__ - INFO -   aria-label: 3994 回复。回复
2025-07-21 02:22:50,634 - __main__ - INFO -   inner_text: 3,994
2025-07-21 02:22:50,634 - __main__ - INFO -   提取的数字: 3994
2025-07-21 02:22:50,645 - __main__ - INFO - --- 调试用户名 ---
2025-07-21 02:22:50,653 - __main__ - INFO - 选择器: [data-testid="User-Name"] a
2025-07-21 02:22:50,654 - __main__ - INFO - href: /elonmusk
2025-07-21 02:22:50,654 - __main__ - INFO - text: Elon Musk
2025-07-21 02:22:50,654 - __main__ - INFO - 提取的用户名: elonmusk
2025-07-21 02:22:50,654 - __main__ - INFO - --- 调试时间戳 ---
2025-07-21 02:22:50,661 - __main__ - INFO - datetime属性: 2025-07-20T02:32:01.000Z
2025-07-21 02:22:50,662 - __main__ - INFO - 时间文本: 15小时
2025-07-21 02:22:50,662 - __main__ - INFO - 
=== 调试推文 2 ===
2025-07-21 02:22:50,667 - __main__ - INFO - 推文内容: Next I’m buying Coca-Cola to put the cocaine back in...
2025-07-21 02:22:50,667 - __main__ - INFO - --- 调试互动数据 ---
2025-07-21 02:22:50,667 - __main__ - INFO - 调试点赞数据:
2025-07-21 02:22:50,676 - __main__ - INFO -   选择器: [data-testid="like"]
2025-07-21 02:22:50,676 - __main__ - INFO -   aria-label: 4326339 喜欢次数。喜欢
2025-07-21 02:22:50,676 - __main__ - INFO -   inner_text: 432万
2025-07-21 02:22:50,676 - __main__ - INFO -   提取的数字: 4326339
2025-07-21 02:22:50,686 - __main__ - INFO - 调试转发数据:
2025-07-21 02:22:50,693 - __main__ - INFO -   选择器: [data-testid="retweet"]
2025-07-21 02:22:50,693 - __main__ - INFO -   aria-label: 768053 次转帖。转帖
2025-07-21 02:22:50,693 - __main__ - INFO -   inner_text: 76万
2025-07-21 02:22:50,693 - __main__ - INFO -   提取的数字: 768053
2025-07-21 02:22:50,702 - __main__ - INFO - 调试评论数据:
2025-07-21 02:22:50,711 - __main__ - INFO -   选择器: [data-testid="reply"]
2025-07-21 02:22:50,711 - __main__ - INFO -   aria-label: 171491 回复。回复
2025-07-21 02:22:50,711 - __main__ - INFO -   inner_text: 17万
2025-07-21 02:22:50,711 - __main__ - INFO -   提取的数字: 171491
2025-07-21 02:22:50,719 - __main__ - INFO - --- 调试用户名 ---
2025-07-21 02:22:50,726 - __main__ - INFO - 选择器: [data-testid="User-Name"] a
2025-07-21 02:22:50,727 - __main__ - INFO - href: /elonmusk
2025-07-21 02:22:50,727 - __main__ - INFO - text: Elon Musk
2025-07-21 02:22:50,727 - __main__ - INFO - 提取的用户名: elonmusk
2025-07-21 02:22:50,727 - __main__ - INFO - --- 调试时间戳 ---
2025-07-21 02:22:50,734 - __main__ - INFO - datetime属性: 2022-04-28T00:56:58.000Z
2025-07-21 02:22:50,734 - __main__ - INFO - 时间文本: 2022年4月28日
2025-07-21 02:22:50,734 - __main__ - INFO - 
=== 调试推文 3 ===
2025-07-21 02:22:50,741 - __main__ - WARNING - 未找到推文内容
2025-07-21 02:22:50,741 - __main__ - INFO - --- 调试互动数据 ---
2025-07-21 02:22:50,741 - __main__ - INFO - 调试点赞数据:
2025-07-21 02:22:50,751 - __main__ - INFO -   选择器: [data-testid="like"]
2025-07-21 02:22:50,751 - __main__ - INFO -   aria-label: 3337348 喜欢次数。喜欢
2025-07-21 02:22:50,751 - __main__ - INFO -   inner_text: 333万
2025-07-21 02:22:50,751 - __main__ - INFO -   提取的数字: 3337348
2025-07-21 02:22:50,758 - __main__ - INFO - 调试转发数据:
2025-07-21 02:22:50,765 - __main__ - INFO -   选择器: [data-testid="retweet"]
2025-07-21 02:22:50,766 - __main__ - INFO -   aria-label: 438615 次转帖。转帖
2025-07-21 02:22:50,766 - __main__ - INFO -   inner_text: 43万
2025-07-21 02:22:50,766 - __main__ - INFO -   提取的数字: 438615
2025-07-21 02:22:50,776 - __main__ - INFO - 调试评论数据:
2025-07-21 02:22:50,786 - __main__ - INFO -   选择器: [data-testid="reply"]
2025-07-21 02:22:50,786 - __main__ - INFO -   aria-label: 71148 回复。回复
2025-07-21 02:22:50,786 - __main__ - INFO -   inner_text: 7.1万
2025-07-21 02:22:50,786 - __main__ - INFO -   提取的数字: 71148
2025-07-21 02:22:50,795 - __main__ - INFO - --- 调试用户名 ---
2025-07-21 02:22:50,802 - __main__ - INFO - 选择器: [data-testid="User-Name"] a
2025-07-21 02:22:50,803 - __main__ - INFO - href: /elonmusk
2025-07-21 02:22:50,803 - __main__ - INFO - text: Elon Musk
2025-07-21 02:22:50,803 - __main__ - INFO - 提取的用户名: elonmusk
2025-07-21 02:22:50,803 - __main__ - INFO - --- 调试时间戳 ---
2025-07-21 02:22:50,810 - __main__ - INFO - datetime属性: 2024-07-13T22:51:28.000Z
2025-07-21 02:22:50,810 - __main__ - INFO - 时间文本: 2024年7月14日
2025-07-21 02:22:50,810 - __main__ - INFO - 调试完成，浏览器将在30秒后关闭...
